# JRE version: Java(TM) SE Runtime Environment (8.0_66-b18) (build 1.8.0_66-b18)
# Java VM: Java HotSpot(TM) 64-Bit Server VM (25.66-b18 mixed mode windows-amd64 compressed oops)
Heap:
 PSYoungGen      total 17920K, used 12209K [0x00000000eae00000, 0x00000000ec100000, 0x0000000100000000)
  eden space 16384K, 71% used [0x00000000eae00000,0x00000000eb96bb58,0x00000000ebe00000)
  from space 1536K, 45% used [0x00000000ebf80000,0x00000000ec030020,0x00000000ec100000)
  to   space 1536K, 0% used [0x00000000ebe00000,0x00000000ebe00000,0x00000000ebf80000)
 ParOldGen       total 44032K, used 23398K [0x00000000c0a00000, 0x00000000c3500000, 0x00000000eae00000)
  object space 44032K, 53% used [0x00000000c0a00000,0x00000000c20d9ac0,0x00000000c3500000)
 Metaspace       used 13390K, capacity 13894K, committed 14080K, reserved 1060864K
  class space    used 1650K, capacity 1788K, committed 1792K, reserved 1048576K
GC Heap History (10 events):
Event: 2138.876 GC heap before
{Heap before GC invocations=48 (full 0):
 PSYoungGen      total 17920K, used 17704K [0x00000000eae00000, 0x00000000ec200000, 0x0000000100000000)
  eden space 16384K, 100% used [0x00000000eae00000,0x00000000ebe00000,0x00000000ebe00000)
  from space 1536K, 85% used [0x00000000ebe00000,0x00000000ebf4a060,0x00000000ebf80000)
  to   space 2048K, 0% used [0x00000000ec000000,0x00000000ec000000,0x00000000ec200000)
 ParOldGen       total 44032K, used 20702K [0x00000000c0a00000, 0x00000000c3500000, 0x00000000eae00000)
  object space 44032K, 47% used [0x00000000c0a00000,0x00000000c1e379c0,0x00000000c3500000)
 Metaspace       used 13367K, capacity 13830K, committed 14080K, reserved 1060864K
  class space    used 1650K, capacity 1788K, committed 1792K, reserved 1048576K
Event: 2138.877 GC heap after
Heap after GC invocations=48 (full 0):
 PSYoungGen      total 18432K, used 736K [0x00000000eae00000, 0x00000000ec200000, 0x0000000100000000)
  eden space 16384K, 0% used [0x00000000eae00000,0x00000000eae00000,0x00000000ebe00000)
  from space 2048K, 35% used [0x00000000ec000000,0x00000000ec0b8020,0x00000000ec200000)
  to   space 2048K, 0% used [0x00000000ebe00000,0x00000000ebe00000,0x00000000ec000000)
 ParOldGen       total 44032K, used 21374K [0x00000000c0a00000, 0x00000000c3500000, 0x00000000eae00000)
  object space 44032K, 48% used [0x00000000c0a00000,0x00000000c1edfa00,0x00000000c3500000)
 Metaspace       used 13367K, capacity 13830K, committed 14080K, reserved 1060864K
  class space    used 1650K, capacity 1788K, committed 1792K, reserved 1048576K
}
Event: 2201.663 GC heap before
{Heap before GC invocations=49 (full 0):
 PSYoungGen      total 18432K, used 17120K [0x00000000eae00000, 0x00000000ec200000, 0x0000000100000000)
  eden space 16384K, 100% used [0x00000000eae00000,0x00000000ebe00000,0x00000000ebe00000)
  from space 2048K, 35% used [0x00000000ec000000,0x00000000ec0b8020,0x00000000ec200000)
  to   space 2048K, 0% used [0x00000000ebe00000,0x00000000ebe00000,0x00000000ec000000)
 ParOldGen       total 44032K, used 21374K [0x00000000c0a00000, 0x00000000c3500000, 0x00000000eae00000)
  object space 44032K, 48% used [0x00000000c0a00000,0x00000000c1edfa00,0x00000000c3500000)
 Metaspace       used 13371K, capacity 13830K, committed 14080K, reserved 1060864K
  class space    used 1650K, capacity 1788K, committed 1792K, reserved 1048576K
Event: 2201.663 GC heap after
Heap after GC invocations=49 (full 0):
 PSYoungGen      total 18432K, used 1088K [0x00000000eae00000, 0x00000000ec200000, 0x0000000100000000)
  eden space 16384K, 0% used [0x00000000eae00000,0x00000000eae00000,0x00000000ebe00000)
  from space 2048K, 53% used [0x00000000ebe00000,0x00000000ebf10040,0x00000000ec000000)
  to   space 2048K, 0% used [0x00000000ec000000,0x00000000ec000000,0x00000000ec200000)
 ParOldGen       total 44032K, used 21710K [0x00000000c0a00000, 0x00000000c3500000, 0x00000000eae00000)
  object space 44032K, 49% used [0x00000000c0a00000,0x00000000c1f33a20,0x00000000c3500000)
 Metaspace       used 13371K, capacity 13830K, committed 14080K, reserved 1060864K
  class space    used 1650K, capacity 1788K, committed 1792K, reserved 1048576K
}
Event: 2263.547 GC heap before
{Heap before GC invocations=50 (full 0):
 PSYoungGen      total 18432K, used 17472K [0x00000000eae00000, 0x00000000ec200000, 0x0000000100000000)
  eden space 16384K, 100% used [0x00000000eae00000,0x00000000ebe00000,0x00000000ebe00000)
  from space 2048K, 53% used [0x00000000ebe00000,0x00000000ebf10040,0x00000000ec000000)
  to   space 2048K, 0% used [0x00000000ec000000,0x00000000ec000000,0x00000000ec200000)
 ParOldGen       total 44032K, used 21710K [0x00000000c0a00000, 0x00000000c3500000, 0x00000000eae00000)
  object space 44032K, 49% used [0x00000000c0a00000,0x00000000c1f33a20,0x00000000c3500000)
 Metaspace       used 13371K, capacity 13830K, committed 14080K, reserved 1060864K
  class space    used 1650K, capacity 1788K, committed 1792K, reserved 1048576K
Event: 2263.548 GC heap after
Heap after GC invocations=50 (full 0):
 PSYoungGen      total 17408K, used 704K [0x00000000eae00000, 0x00000000ec100000, 0x0000000100000000)
  eden space 16384K, 0% used [0x00000000eae00000,0x00000000eae00000,0x00000000ebe00000)
  from space 1024K, 68% used [0x00000000ec000000,0x00000000ec0b0020,0x00000000ec100000)
  to   space 1536K, 0% used [0x00000000ebe00000,0x00000000ebe00000,0x00000000ebf80000)
 ParOldGen       total 44032K, used 22390K [0x00000000c0a00000, 0x00000000c3500000, 0x00000000eae00000)
  object space 44032K, 50% used [0x00000000c0a00000,0x00000000c1fdda60,0x00000000c3500000)
 Metaspace       used 13371K, capacity 13830K, committed 14080K, reserved 1060864K
  class space    used 1650K, capacity 1788K, committed 1792K, reserved 1048576K
}
Event: 2327.251 GC heap before
{Heap before GC invocations=51 (full 0):
 PSYoungGen      total 17408K, used 17088K [0x00000000eae00000, 0x00000000ec100000, 0x0000000100000000)
  eden space 16384K, 100% used [0x00000000eae00000,0x00000000ebe00000,0x00000000ebe00000)
  from space 1024K, 68% used [0x00000000ec000000,0x00000000ec0b0020,0x00000000ec100000)
  to   space 1536K, 0% used [0x00000000ebe00000,0x00000000ebe00000,0x00000000ebf80000)
 ParOldGen       total 44032K, used 22390K [0x00000000c0a00000, 0x00000000c3500000, 0x00000000eae00000)
  object space 44032K, 50% used [0x00000000c0a00000,0x00000000c1fdda60,0x00000000c3500000)
 Metaspace       used 13379K, capacity 13830K, committed 14080K, reserved 1060864K
  class space    used 1650K, capacity 1788K, committed 1792K, reserved 1048576K
Event: 2327.252 GC heap after
Heap after GC invocations=51 (full 0):
 PSYoungGen      total 17920K, used 992K [0x00000000eae00000, 0x00000000ec100000, 0x0000000100000000)
  eden space 16384K, 0% used [0x00000000eae00000,0x00000000eae00000,0x00000000ebe00000)
  from space 1536K, 64% used [0x00000000ebe00000,0x00000000ebef8040,0x00000000ebf80000)
  to   space 1536K, 0% used [0x00000000ebf80000,0x00000000ebf80000,0x00000000ec100000)
 ParOldGen       total 44032K, used 22726K [0x00000000c0a00000, 0x00000000c3500000, 0x00000000eae00000)
  object space 44032K, 51% used [0x00000000c0a00000,0x00000000c2031a80,0x00000000c3500000)
 Metaspace       used 13379K, capacity 13830K, committed 14080K, reserved 1060864K
  class space    used 1650K, capacity 1788K, committed 1792K, reserved 1048576K
}
Event: 2394.824 GC heap before
{Heap before GC invocations=52 (full 0):
 PSYoungGen      total 17920K, used 17376K [0x00000000eae00000, 0x00000000ec100000, 0x0000000100000000)
  eden space 16384K, 100% used [0x00000000eae00000,0x00000000ebe00000,0x00000000ebe00000)
  from space 1536K, 64% used [0x00000000ebe00000,0x00000000ebef8040,0x00000000ebf80000)
  to   space 1536K, 0% used [0x00000000ebf80000,0x00000000ebf80000,0x00000000ec100000)
 ParOldGen       total 44032K, used 22726K [0x00000000c0a00000, 0x00000000c3500000, 0x00000000eae00000)
  object space 44032K, 51% used [0x00000000c0a00000,0x00000000c2031a80,0x00000000c3500000)
 Metaspace       used 13389K, capacity 13894K, committed 14080K, reserved 1060864K
  class space    used 1650K, capacity 1788K, committed 1792K, reserved 1048576K
Event: 2394.826 GC heap after
Heap after GC invocations=52 (full 0):
 PSYoungGen      total 17920K, used 704K [0x00000000eae00000, 0x00000000ec100000, 0x0000000100000000)
  eden space 16384K, 0% used [0x00000000eae00000,0x00000000eae00000,0x00000000ebe00000)
  from space 1536K, 45% used [0x00000000ebf80000,0x00000000ec030020,0x00000000ec100000)
  to   space 1536K, 0% used [0x00000000ebe00000,0x00000000ebe00000,0x00000000ebf80000)
 ParOldGen       total 44032K, used 23398K [0x00000000c0a00000, 0x00000000c3500000, 0x00000000eae00000)
  object space 44032K, 53% used [0x00000000c0a00000,0x00000000c20d9ac0,0x00000000c3500000)
 Metaspace       used 13389K, capacity 13894K, committed 14080K, reserved 1060864K
  class space    used 1650K, capacity 1788K, committed 1792K, reserved 1048576K
}

